Release 13.2 - xst O.61xd (nt64)
Copyright (c) 1995-2011 Xilinx, Inc.  All rights reserved.
--> Parameter TMPDIR set to xst/projnav.tmp


Total REAL time to Xst completion: 0.00 secs
Total CPU time to Xst completion: 0.08 secs
 
--> Parameter xsthdpdir set to xst


Total REAL time to Xst completion: 0.00 secs
Total CPU time to Xst completion: 0.09 secs
 
--> Reading design: LAB2.prj

TABLE OF CONTENTS
  1) Synthesis Options Summary
  2) HDL Compilation
  3) Design Hierarchy Analysis
  4) HDL Analysis
  5) HDL Synthesis
     5.1) HDL Synthesis Report
  6) Advanced HDL Synthesis
     6.1) Advanced HDL Synthesis Report
  7) Low Level Synthesis
  8) Partition Report
  9) Final Report
	9.1) Device utilization summary
	9.2) Partition Resource Summary
	9.3) TIMING REPORT


=========================================================================
*                      Synthesis Options Summary                        *
=========================================================================
---- Source Parameters
Input File Name                    : "LAB2.prj"
Input Format                       : mixed
Ignore Synthesis Constraint File   : NO

---- Target Parameters
Output File Name                   : "LAB2"
Output Format                      : NGC
Target Device                      : xc3s400a-4-ft256

---- Source Options
Top Module Name                    : LAB2
Automatic FSM Extraction           : YES
FSM Encoding Algorithm             : Auto
Safe Implementation                : No
FSM Style                          : LUT
RAM Extraction                     : Yes
RAM Style                          : Auto
ROM Extraction                     : Yes
Mux Style                          : Auto
Decoder Extraction                 : YES
Priority Encoder Extraction        : Yes
Shift Register Extraction          : YES
Logical Shifter Extraction         : YES
XOR Collapsing                     : YES
ROM Style                          : Auto
Mux Extraction                     : Yes
Resource Sharing                   : YES
Asynchronous To Synchronous        : NO
Multiplier Style                   : Auto
Automatic Register Balancing       : No

---- Target Options
Add IO Buffers                     : YES
Global Maximum Fanout              : 500
Add Generic Clock Buffer(BUFG)     : 24
Register Duplication               : YES
Slice Packing                      : YES
Optimize Instantiated Primitives   : NO
Use Clock Enable                   : Yes
Use Synchronous Set                : Yes
Use Synchronous Reset              : Yes
Pack IO Registers into IOBs        : Auto
Equivalent register Removal        : YES

---- General Options
Optimization Goal                  : Speed
Optimization Effort                : 1
Keep Hierarchy                     : No
Netlist Hierarchy                  : As_Optimized
RTL Output                         : Yes
Global Optimization                : AllClockNets
Read Cores                         : YES
Write Timing Constraints           : NO
Cross Clock Analysis               : NO
Hierarchy Separator                : /
Bus Delimiter                      : <>
Case Specifier                     : Maintain
Slice Utilization Ratio            : 100
BRAM Utilization Ratio             : 100
Verilog 2001                       : YES
Auto BRAM Packing                  : NO
Slice Utilization Ratio Delta      : 5

=========================================================================


=========================================================================
*                          HDL Compilation                              *
=========================================================================
Compiling vhdl file "C:/Users/Poornima/Documents/GitHub/cg3207/adder32.vhd" in Library work.
Architecture arch_adder32 of Entity adder32 is up to date.
Compiling vhdl file "C:/Users/Poornima/Documents/GitHub/cg3207/multiplier.vhd" in Library work.
Architecture arch_multiplier32 of Entity multiplier32 is up to date.
Compiling vhdl file "C:/Users/Poornima/Documents/GitHub/cg3207/alu.vhd" in Library work.
Architecture arch_alu of Entity alu is up to date.
Compiling vhdl file "C:/Users/Poornima/Documents/GitHub/cg3207/LAB2.vhd" in Library work.
Architecture structural of Entity lab2 is up to date.

=========================================================================
*                     Design Hierarchy Analysis                         *
=========================================================================
Analyzing hierarchy for entity <LAB2> in library <work> (architecture <structural>).

Analyzing hierarchy for entity <alu> in library <work> (architecture <arch_alu>).

Analyzing hierarchy for entity <adder32> in library <work> (architecture <arch_adder32>).

Analyzing hierarchy for entity <multiplier32> in library <work> (architecture <arch_multiplier32>).


=========================================================================
*                            HDL Analysis                               *
=========================================================================
Analyzing Entity <LAB2> in library <work> (Architecture <structural>).
WARNING:Xst:753 - "C:/Users/Poornima/Documents/GitHub/cg3207/LAB2.vhd" line 98: Unconnected output port 'UART_Interrupt' of component 'mcs'.
WARNING:Xst:753 - "C:/Users/Poornima/Documents/GitHub/cg3207/LAB2.vhd" line 98: Unconnected output port 'GPI1_Interrupt' of component 'mcs'.
WARNING:Xst:753 - "C:/Users/Poornima/Documents/GitHub/cg3207/LAB2.vhd" line 98: Unconnected output port 'GPI2_Interrupt' of component 'mcs'.
WARNING:Xst:753 - "C:/Users/Poornima/Documents/GitHub/cg3207/LAB2.vhd" line 98: Unconnected output port 'GPI3_Interrupt' of component 'mcs'.
WARNING:Xst:753 - "C:/Users/Poornima/Documents/GitHub/cg3207/LAB2.vhd" line 98: Unconnected output port 'GPI4_Interrupt' of component 'mcs'.
WARNING:Xst:753 - "C:/Users/Poornima/Documents/GitHub/cg3207/LAB2.vhd" line 98: Unconnected output port 'INTC_IRQ' of component 'mcs'.
WARNING:Xst:2211 - "C:/Users/Poornima/Documents/GitHub/cg3207/LAB2.vhd" line 98: Instantiating black box module <mcs>.
Entity <LAB2> analyzed. Unit <LAB2> generated.

Analyzing Entity <alu> in library <work> (Architecture <arch_alu>).
Entity <alu> analyzed. Unit <alu> generated.

Analyzing Entity <adder32> in library <work> (Architecture <arch_adder32>).
WARNING:Xst:1610 - "C:/Users/Poornima/Documents/GitHub/cg3207/adder32.vhd" line 53: Width mismatch. <sum> has a width of 33 bits but assigned expression is 32-bit wide.
WARNING:Xst:819 - "C:/Users/Poornima/Documents/GitHub/cg3207/adder32.vhd" line 47: One or more signals are missing in the process sensitivity list. To enable synthesis of FPGA/CPLD hardware, XST will assume that all necessary signals are present in the sensitivity list. Please note that the result of the synthesis may differ from the initial design specification. The missing signals are:
   <sum>
Entity <adder32> analyzed. Unit <adder32> generated.

Analyzing Entity <multiplier32> in library <work> (Architecture <arch_multiplier32>).
WARNING:Xst:819 - "C:/Users/Poornima/Documents/GitHub/cg3207/multiplier.vhd" line 46: One or more signals are missing in the process sensitivity list. To enable synthesis of FPGA/CPLD hardware, XST will assume that all necessary signals are present in the sensitivity list. Please note that the result of the synthesis may differ from the initial design specification. The missing signals are:
   <mult_result>
Entity <multiplier32> analyzed. Unit <multiplier32> generated.


=========================================================================
*                           HDL Synthesis                               *
=========================================================================

Performing bidirectional port resolution...

Synthesizing Unit <adder32>.
    Related source file is "C:/Users/Poornima/Documents/GitHub/cg3207/adder32.vhd".
    Found 33-bit register for signal <sum>.
    Found 32-bit adder for signal <sum$add0000> created at line 53.
    Summary:
	inferred  33 D-type flip-flop(s).
	inferred   1 Adder/Subtractor(s).
Unit <adder32> synthesized.


Synthesizing Unit <multiplier32>.
    Related source file is "C:/Users/Poornima/Documents/GitHub/cg3207/multiplier.vhd".
    Found 64-bit register for signal <mult_result>.
    Found 32x32-bit multiplier for signal <mult_result$mult0000> created at line 51.
    Summary:
	inferred  64 D-type flip-flop(s).
	inferred   1 Multiplier(s).
Unit <multiplier32> synthesized.


Synthesizing Unit <alu>.
    Related source file is "C:/Users/Poornima/Documents/GitHub/cg3207/alu.vhd".
    Found 32-bit register for signal <Debug>.
    Found 32-bit register for signal <Result1>.
    Found 32-bit register for signal <Result2>.
    Found 32-bit adder for signal <final_Operand1$addsub0000> created at line 83.
    Found 32-bit adder for signal <final_Operand3>.
    Found 32-bit adder for signal <operand3>.
    Summary:
	inferred  96 D-type flip-flop(s).
	inferred   3 Adder/Subtractor(s).
Unit <alu> synthesized.


Synthesizing Unit <LAB2>.
    Related source file is "C:/Users/Poornima/Documents/GitHub/cg3207/LAB2.vhd".
Unit <LAB2> synthesized.


=========================================================================
HDL Synthesis Report

Macro Statistics
# Multipliers                                          : 1
 32x32-bit multiplier                                  : 1
# Adders/Subtractors                                   : 7
 32-bit adder                                          : 7
# Registers                                            : 8
 32-bit register                                       : 3
 33-bit register                                       : 4
 64-bit register                                       : 1

=========================================================================

=========================================================================
*                       Advanced HDL Synthesis                          *
=========================================================================

Reading core <mcs.ngc>.
Loading core <mcs> for timing and area information for instance <mcs0>.
WARNING:Xst:1293 - FF/Latch <sum_32> has a constant value of 0 in block <adder>. This FF/Latch will be trimmed during the optimization process.
WARNING:Xst:1293 - FF/Latch <sum_32> has a constant value of 0 in block <subtractor>. This FF/Latch will be trimmed during the optimization process.
WARNING:Xst:1293 - FF/Latch <sum_32> has a constant value of 0 in block <adder_u>. This FF/Latch will be trimmed during the optimization process.
WARNING:Xst:1293 - FF/Latch <sum_32> has a constant value of 0 in block <subtractor_u>. This FF/Latch will be trimmed during the optimization process.

Synthesizing (advanced) Unit <multiplier32>.
	Found pipelined multiplier on signal <mult_result_mult0000>:
		- 1 pipeline level(s) found in a register connected to the multiplier macro output.
		Pushing register(s) into the multiplier macro.
INFO:Xst:2385 - HDL ADVISOR - You can improve the performance of the multiplier Mmult_mult_result_mult0000 by adding 2 register level(s).
Unit <multiplier32> synthesized (advanced).

=========================================================================
Advanced HDL Synthesis Report

Macro Statistics
# Multipliers                                          : 1
 32x32-bit registered multiplier                       : 1
# Adders/Subtractors                                   : 7
 32-bit adder                                          : 7
# Registers                                            : 228
 Flip-Flops                                            : 228

=========================================================================

=========================================================================
*                         Low Level Synthesis                           *
=========================================================================
WARNING:Xst:1293 - FF/Latch <sum_32> has a constant value of 0 in block <adder32>. This FF/Latch will be trimmed during the optimization process.

Optimizing unit <LAB2> ...

Optimizing unit <adder32> ...

Optimizing unit <alu> ...

Mapping all equations...
Building and optimizing final netlist ...
Found area constraint ratio of 100 (+ 5) on block LAB2, actual ratio is 25.
INFO:Xst:2260 - The FF/Latch <U0/iomodule_0/IOModule_Core_I1/intr_ctrl_I1/cipr_rd_dff_all[3].fdr_i> in Unit <mcs0> is equivalent to the following 28 FFs/Latches : <U0/iomodule_0/IOModule_Core_I1/intr_ctrl_I1/cipr_rd_dff_all[4].fdr_i> <U0/iomodule_0/IOModule_Core_I1/intr_ctrl_I1/cipr_rd_dff_all[5].fdr_i> <U0/iomodule_0/IOModule_Core_I1/intr_ctrl_I1/cipr_rd_dff_all[6].fdr_i> <U0/iomodule_0/IOModule_Core_I1/intr_ctrl_I1/cipr_rd_dff_all[7].fdr_i> <U0/iomodule_0/IOModule_Core_I1/intr_ctrl_I1/cipr_rd_dff_all[8].fdr_i> <U0/iomodule_0/IOModule_Core_I1/intr_ctrl_I1/cipr_rd_dff_all[9].fdr_i> <U0/iomodule_0/IOModule_Core_I1/intr_ctrl_I1/cipr_rd_dff_all[10].fdr_i> <U0/iomodule_0/IOModule_Core_I1/intr_ctrl_I1/cipr_rd_dff_all[11].fdr_i> <U0/iomodule_0/IOModule_Core_I1/intr_ctrl_I1/cipr_rd_dff_all[12].fdr_i> <U0/iomodule_0/IOModule_Core_I1/intr_ctrl_I1/cipr_rd_dff_all[13].fdr_i> <U0/iomodule_0/IOModule_Core_I1/intr_ctrl_I1/cipr_rd_dff_all[14].fdr_i> <U0/iomodule_0/IOModule_Core_I1/intr_ctrl_I1/cipr_rd_dff_all[15].fdr_i>
   <U0/iomodule_0/IOModule_Core_I1/intr_ctrl_I1/cipr_rd_dff_all[16].fdr_i> <U0/iomodule_0/IOModule_Core_I1/intr_ctrl_I1/cipr_rd_dff_all[17].fdr_i> <U0/iomodule_0/IOModule_Core_I1/intr_ctrl_I1/cipr_rd_dff_all[18].fdr_i> <U0/iomodule_0/IOModule_Core_I1/intr_ctrl_I1/cipr_rd_dff_all[19].fdr_i> <U0/iomodule_0/IOModule_Core_I1/intr_ctrl_I1/cipr_rd_dff_all[20].fdr_i> <U0/iomodule_0/IOModule_Core_I1/intr_ctrl_I1/cipr_rd_dff_all[21].fdr_i> <U0/iomodule_0/IOModule_Core_I1/intr_ctrl_I1/cipr_rd_dff_all[22].fdr_i> <U0/iomodule_0/IOModule_Core_I1/intr_ctrl_I1/cipr_rd_dff_all[23].fdr_i> <U0/iomodule_0/IOModule_Core_I1/intr_ctrl_I1/cipr_rd_dff_all[24].fdr_i> <U0/iomodule_0/IOModule_Core_I1/intr_ctrl_I1/cipr_rd_dff_all[25].fdr_i> <U0/iomodule_0/IOModule_Core_I1/intr_ctrl_I1/cipr_rd_dff_all[26].fdr_i> <U0/iomodule_0/IOModule_Core_I1/intr_ctrl_I1/cipr_rd_dff_all[27].fdr_i> <U0/iomodule_0/IOModule_Core_I1/intr_ctrl_I1/cipr_rd_dff_all[28].fdr_i> <U0/iomodule_0/IOModule_Core_I1/intr_ctrl_I1/cipr_rd_dff_all[29].fdr_i>
   <U0/iomodule_0/IOModule_Core_I1/intr_ctrl_I1/cipr_rd_dff_all[30].fdr_i> <U0/iomodule_0/IOModule_Core_I1/intr_ctrl_I1/cipr_rd_dff_all[31].fdr_i> 
INFO:Xst:2260 - The FF/Latch <U0/dlmb/POR_FF_I> in Unit <mcs0> is equivalent to the following FF/Latch : <U0/ilmb/POR_FF_I> 
INFO:Xst:2260 - The FF/Latch <U0/iomodule_0/IOModule_Core_I1/intr_ctrl_I1/cipr_rd_dff_all[3].fdr_i> in Unit <mcs0> is equivalent to the following 28 FFs/Latches : <U0/iomodule_0/IOModule_Core_I1/intr_ctrl_I1/cipr_rd_dff_all[4].fdr_i> <U0/iomodule_0/IOModule_Core_I1/intr_ctrl_I1/cipr_rd_dff_all[5].fdr_i> <U0/iomodule_0/IOModule_Core_I1/intr_ctrl_I1/cipr_rd_dff_all[6].fdr_i> <U0/iomodule_0/IOModule_Core_I1/intr_ctrl_I1/cipr_rd_dff_all[7].fdr_i> <U0/iomodule_0/IOModule_Core_I1/intr_ctrl_I1/cipr_rd_dff_all[8].fdr_i> <U0/iomodule_0/IOModule_Core_I1/intr_ctrl_I1/cipr_rd_dff_all[9].fdr_i> <U0/iomodule_0/IOModule_Core_I1/intr_ctrl_I1/cipr_rd_dff_all[10].fdr_i> <U0/iomodule_0/IOModule_Core_I1/intr_ctrl_I1/cipr_rd_dff_all[11].fdr_i> <U0/iomodule_0/IOModule_Core_I1/intr_ctrl_I1/cipr_rd_dff_all[12].fdr_i> <U0/iomodule_0/IOModule_Core_I1/intr_ctrl_I1/cipr_rd_dff_all[13].fdr_i> <U0/iomodule_0/IOModule_Core_I1/intr_ctrl_I1/cipr_rd_dff_all[14].fdr_i> <U0/iomodule_0/IOModule_Core_I1/intr_ctrl_I1/cipr_rd_dff_all[15].fdr_i>
   <U0/iomodule_0/IOModule_Core_I1/intr_ctrl_I1/cipr_rd_dff_all[16].fdr_i> <U0/iomodule_0/IOModule_Core_I1/intr_ctrl_I1/cipr_rd_dff_all[17].fdr_i> <U0/iomodule_0/IOModule_Core_I1/intr_ctrl_I1/cipr_rd_dff_all[18].fdr_i> <U0/iomodule_0/IOModule_Core_I1/intr_ctrl_I1/cipr_rd_dff_all[19].fdr_i> <U0/iomodule_0/IOModule_Core_I1/intr_ctrl_I1/cipr_rd_dff_all[20].fdr_i> <U0/iomodule_0/IOModule_Core_I1/intr_ctrl_I1/cipr_rd_dff_all[21].fdr_i> <U0/iomodule_0/IOModule_Core_I1/intr_ctrl_I1/cipr_rd_dff_all[22].fdr_i> <U0/iomodule_0/IOModule_Core_I1/intr_ctrl_I1/cipr_rd_dff_all[23].fdr_i> <U0/iomodule_0/IOModule_Core_I1/intr_ctrl_I1/cipr_rd_dff_all[24].fdr_i> <U0/iomodule_0/IOModule_Core_I1/intr_ctrl_I1/cipr_rd_dff_all[25].fdr_i> <U0/iomodule_0/IOModule_Core_I1/intr_ctrl_I1/cipr_rd_dff_all[26].fdr_i> <U0/iomodule_0/IOModule_Core_I1/intr_ctrl_I1/cipr_rd_dff_all[27].fdr_i> <U0/iomodule_0/IOModule_Core_I1/intr_ctrl_I1/cipr_rd_dff_all[28].fdr_i> <U0/iomodule_0/IOModule_Core_I1/intr_ctrl_I1/cipr_rd_dff_all[29].fdr_i>
   <U0/iomodule_0/IOModule_Core_I1/intr_ctrl_I1/cipr_rd_dff_all[30].fdr_i> <U0/iomodule_0/IOModule_Core_I1/intr_ctrl_I1/cipr_rd_dff_all[31].fdr_i> 
INFO:Xst:2260 - The FF/Latch <U0/dlmb/POR_FF_I> in Unit <mcs0> is equivalent to the following FF/Latch : <U0/ilmb/POR_FF_I> 

Final Macro Processing ...

=========================================================================
Final Register Report

Macro Statistics
# Registers                                            : 288
 Flip-Flops                                            : 288

=========================================================================

=========================================================================
*                           Partition Report                            *
=========================================================================

Partition Implementation Status
-------------------------------

  No Partitions were found in this design.

-------------------------------

=========================================================================
*                            Final Report                               *
=========================================================================
Final Results
RTL Top Level Output File Name     : LAB2.ngr
Top Level Output File Name         : LAB2
Output Format                      : NGC
Optimization Goal                  : Speed
Keep Hierarchy                     : No

Design Statistics
# IOs                              : 11

Cell Usage :
# BELS                             : 2428
#      GND                         : 2
#      INV                         : 73
#      LUT1                        : 19
#      LUT2                        : 301
#      LUT2_D                      : 8
#      LUT2_L                      : 3
#      LUT3                        : 344
#      LUT3_D                      : 2
#      LUT3_L                      : 5
#      LUT4                        : 649
#      LUT4_D                      : 4
#      LUT4_L                      : 42
#      MULT_AND                    : 34
#      MUXCY                       : 323
#      MUXCY_L                     : 77
#      MUXF5                       : 155
#      MUXF6                       : 1
#      VCC                         : 2
#      XORCY                       : 384
# FlipFlops/Latches                : 879
#      FD                          : 282
#      FDE                         : 77
#      FDR                         : 200
#      FDRE                        : 214
#      FDRS                        : 66
#      FDRSE                       : 12
#      FDS                         : 8
#      FDSE                        : 20
# RAMS                             : 157
#      RAM16X1D                    : 141
#      RAMB16BWE                   : 16
# Shift Registers                  : 50
#      SRL16                       : 1
#      SRL16E                      : 49
# Clock Buffers                    : 1
#      BUFGP                       : 1
# IO Buffers                       : 10
#      IBUF                        : 5
#      OBUF                        : 5
# MULTs                            : 4
#      MULT18X18SIO                : 4
=========================================================================

Device utilization summary:
---------------------------

Selected Device : 3s400aft256-4 

 Number of Slices:                      910  out of   3584    25%  
 Number of Slice Flip Flops:            879  out of   7168    12%  
 Number of 4 input LUTs:               1782  out of   7168    24%  
    Number used as logic:              1450
    Number used as Shift registers:      50
    Number used as RAMs:                282
 Number of IOs:                          11
 Number of bonded IOBs:                  11  out of    195     5%  
 Number of BRAMs:                        16  out of     20    80%  
 Number of MULT18X18SIOs:                 4  out of     20    20%  
 Number of GCLKs:                         1  out of     24     4%  

---------------------------
Partition Resource Summary:
---------------------------

  No Partitions were found in this design.

---------------------------


=========================================================================
TIMING REPORT

NOTE: THESE TIMING NUMBERS ARE ONLY A SYNTHESIS ESTIMATE.
      FOR ACCURATE TIMING INFORMATION PLEASE REFER TO THE TRACE REPORT
      GENERATED AFTER PLACE-and-ROUTE.

Clock Information:
------------------
-----------------------------------+------------------------+-------+
Clock Signal                       | Clock buffer(FF name)  | Load  |
-----------------------------------+------------------------+-------+
Clk                                | BUFGP                  | 1086  |
-----------------------------------+------------------------+-------+

Asynchronous Control Signals Information:
----------------------------------------
No asynchronous control signals found in this design

Timing Summary:
---------------
Speed Grade: -4

   Minimum period: 14.571ns (Maximum Frequency: 68.630MHz)
   Minimum input arrival time before clock: 1.548ns
   Maximum output required time after clock: 5.531ns
   Maximum combinational path delay: 5.816ns

Timing Detail:
--------------
All values displayed in nanoseconds (ns)

=========================================================================
Timing constraint: Default period analysis for Clock 'Clk'
  Clock period: 14.571ns (frequency: 68.630MHz)
  Total number of paths / destination ports: 5735836 / 3907
-------------------------------------------------------------------------
Delay:               14.571ns (Levels of Logic = 52)
  Source:            mcs0/U0/iomodule_0/IOModule_Core_I1/GPO_I2/gpo_io_i_8 (FF)
  Destination:       alu0/multiplier/Mmult_mult_result_mult0000_0 (FF)
  Source Clock:      Clk rising
  Destination Clock: Clk rising

  Data Path: mcs0/U0/iomodule_0/IOModule_Core_I1/GPO_I2/gpo_io_i_8 to alu0/multiplier/Mmult_mult_result_mult0000_0
                                Gate     Net
    Cell:in->out      fanout   Delay   Delay  Logical Name (Net Name)
    ----------------------------------------  ------------
     FDRE:C->Q             8   0.591   0.757  U0/iomodule_0/IOModule_Core_I1/GPO_I2/gpo_io_i_8 (GPO2<8>)
     end scope: 'mcs0'
     MULT18X18SIO:A8->P17    1   4.873   0.500  alu0/multiplier/Mmult_mult_result_mult0000_submult_0 (alu0/multiplier/Mmult_mult_result_mult0000_submult_0_P_to_Adder_A_17)
     LUT2:I1->O            1   0.643   0.000  alu0/multiplier/Mmult_mult_result_mult0000_submult_00_Madd_lut<17> (alu0/multiplier/Mmult_mult_result_mult0000_submult_00_Madd_lut<17>)
     MUXCY:S->O            1   0.632   0.000  alu0/multiplier/Mmult_mult_result_mult0000_submult_00_Madd_cy<17> (alu0/multiplier/Mmult_mult_result_mult0000_submult_00_Madd_cy<17>)
     MUXCY:CI->O           1   0.065   0.000  alu0/multiplier/Mmult_mult_result_mult0000_submult_00_Madd_cy<18> (alu0/multiplier/Mmult_mult_result_mult0000_submult_00_Madd_cy<18>)
     MUXCY:CI->O           1   0.065   0.000  alu0/multiplier/Mmult_mult_result_mult0000_submult_00_Madd_cy<19> (alu0/multiplier/Mmult_mult_result_mult0000_submult_00_Madd_cy<19>)
     MUXCY:CI->O           1   0.065   0.000  alu0/multiplier/Mmult_mult_result_mult0000_submult_00_Madd_cy<20> (alu0/multiplier/Mmult_mult_result_mult0000_submult_00_Madd_cy<20>)
     MUXCY:CI->O           1   0.065   0.000  alu0/multiplier/Mmult_mult_result_mult0000_submult_00_Madd_cy<21> (alu0/multiplier/Mmult_mult_result_mult0000_submult_00_Madd_cy<21>)
     MUXCY:CI->O           1   0.065   0.000  alu0/multiplier/Mmult_mult_result_mult0000_submult_00_Madd_cy<22> (alu0/multiplier/Mmult_mult_result_mult0000_submult_00_Madd_cy<22>)
     MUXCY:CI->O           1   0.065   0.000  alu0/multiplier/Mmult_mult_result_mult0000_submult_00_Madd_cy<23> (alu0/multiplier/Mmult_mult_result_mult0000_submult_00_Madd_cy<23>)
     MUXCY:CI->O           1   0.065   0.000  alu0/multiplier/Mmult_mult_result_mult0000_submult_00_Madd_cy<24> (alu0/multiplier/Mmult_mult_result_mult0000_submult_00_Madd_cy<24>)
     MUXCY:CI->O           1   0.065   0.000  alu0/multiplier/Mmult_mult_result_mult0000_submult_00_Madd_cy<25> (alu0/multiplier/Mmult_mult_result_mult0000_submult_00_Madd_cy<25>)
     MUXCY:CI->O           1   0.065   0.000  alu0/multiplier/Mmult_mult_result_mult0000_submult_00_Madd_cy<26> (alu0/multiplier/Mmult_mult_result_mult0000_submult_00_Madd_cy<26>)
     MUXCY:CI->O           1   0.065   0.000  alu0/multiplier/Mmult_mult_result_mult0000_submult_00_Madd_cy<27> (alu0/multiplier/Mmult_mult_result_mult0000_submult_00_Madd_cy<27>)
     MUXCY:CI->O           1   0.065   0.000  alu0/multiplier/Mmult_mult_result_mult0000_submult_00_Madd_cy<28> (alu0/multiplier/Mmult_mult_result_mult0000_submult_00_Madd_cy<28>)
     MUXCY:CI->O           1   0.065   0.000  alu0/multiplier/Mmult_mult_result_mult0000_submult_00_Madd_cy<29> (alu0/multiplier/Mmult_mult_result_mult0000_submult_00_Madd_cy<29>)
     MUXCY:CI->O           1   0.065   0.000  alu0/multiplier/Mmult_mult_result_mult0000_submult_00_Madd_cy<30> (alu0/multiplier/Mmult_mult_result_mult0000_submult_00_Madd_cy<30>)
     MUXCY:CI->O           1   0.065   0.000  alu0/multiplier/Mmult_mult_result_mult0000_submult_00_Madd_cy<31> (alu0/multiplier/Mmult_mult_result_mult0000_submult_00_Madd_cy<31>)
     MUXCY:CI->O           1   0.065   0.000  alu0/multiplier/Mmult_mult_result_mult0000_submult_00_Madd_cy<32> (alu0/multiplier/Mmult_mult_result_mult0000_submult_00_Madd_cy<32>)
     MUXCY:CI->O           1   0.065   0.000  alu0/multiplier/Mmult_mult_result_mult0000_submult_00_Madd_cy<33> (alu0/multiplier/Mmult_mult_result_mult0000_submult_00_Madd_cy<33>)
     MUXCY:CI->O           1   0.065   0.000  alu0/multiplier/Mmult_mult_result_mult0000_submult_00_Madd_cy<34> (alu0/multiplier/Mmult_mult_result_mult0000_submult_00_Madd_cy<34>)
     MUXCY:CI->O           1   0.065   0.000  alu0/multiplier/Mmult_mult_result_mult0000_submult_00_Madd_cy<35> (alu0/multiplier/Mmult_mult_result_mult0000_submult_00_Madd_cy<35>)
     MUXCY:CI->O           1   0.065   0.000  alu0/multiplier/Mmult_mult_result_mult0000_submult_00_Madd_cy<36> (alu0/multiplier/Mmult_mult_result_mult0000_submult_00_Madd_cy<36>)
     MUXCY:CI->O           1   0.065   0.000  alu0/multiplier/Mmult_mult_result_mult0000_submult_00_Madd_cy<37> (alu0/multiplier/Mmult_mult_result_mult0000_submult_00_Madd_cy<37>)
     MUXCY:CI->O           1   0.065   0.000  alu0/multiplier/Mmult_mult_result_mult0000_submult_00_Madd_cy<38> (alu0/multiplier/Mmult_mult_result_mult0000_submult_00_Madd_cy<38>)
     MUXCY:CI->O           1   0.065   0.000  alu0/multiplier/Mmult_mult_result_mult0000_submult_00_Madd_cy<39> (alu0/multiplier/Mmult_mult_result_mult0000_submult_00_Madd_cy<39>)
     MUXCY:CI->O           1   0.065   0.000  alu0/multiplier/Mmult_mult_result_mult0000_submult_00_Madd_cy<40> (alu0/multiplier/Mmult_mult_result_mult0000_submult_00_Madd_cy<40>)
     MUXCY:CI->O           1   0.065   0.000  alu0/multiplier/Mmult_mult_result_mult0000_submult_00_Madd_cy<41> (alu0/multiplier/Mmult_mult_result_mult0000_submult_00_Madd_cy<41>)
     MUXCY:CI->O           1   0.065   0.000  alu0/multiplier/Mmult_mult_result_mult0000_submult_00_Madd_cy<42> (alu0/multiplier/Mmult_mult_result_mult0000_submult_00_Madd_cy<42>)
     MUXCY:CI->O           1   0.065   0.000  alu0/multiplier/Mmult_mult_result_mult0000_submult_00_Madd_cy<43> (alu0/multiplier/Mmult_mult_result_mult0000_submult_00_Madd_cy<43>)
     MUXCY:CI->O           1   0.065   0.000  alu0/multiplier/Mmult_mult_result_mult0000_submult_00_Madd_cy<44> (alu0/multiplier/Mmult_mult_result_mult0000_submult_00_Madd_cy<44>)
     MUXCY:CI->O           1   0.065   0.000  alu0/multiplier/Mmult_mult_result_mult0000_submult_00_Madd_cy<45> (alu0/multiplier/Mmult_mult_result_mult0000_submult_00_Madd_cy<45>)
     MUXCY:CI->O           1   0.065   0.000  alu0/multiplier/Mmult_mult_result_mult0000_submult_00_Madd_cy<46> (alu0/multiplier/Mmult_mult_result_mult0000_submult_00_Madd_cy<46>)
     MUXCY:CI->O           0   0.065   0.000  alu0/multiplier/Mmult_mult_result_mult0000_submult_00_Madd_cy<47> (alu0/multiplier/Mmult_mult_result_mult0000_submult_00_Madd_cy<47>)
     XORCY:CI->O           1   0.844   0.500  alu0/multiplier/Mmult_mult_result_mult0000_submult_00_Madd_xor<48> (alu0/multiplier/Mmult_mult_result_mult0000_submult_0_48)
     LUT2:I1->O            1   0.643   0.000  alu0/multiplier/Mmult_mult_result_mult0000_Madd_lut<48> (alu0/multiplier/Mmult_mult_result_mult0000_Madd_lut<48>)
     MUXCY:S->O            1   0.632   0.000  alu0/multiplier/Mmult_mult_result_mult0000_Madd_cy<48> (alu0/multiplier/Mmult_mult_result_mult0000_Madd_cy<48>)
     MUXCY:CI->O           1   0.065   0.000  alu0/multiplier/Mmult_mult_result_mult0000_Madd_cy<49> (alu0/multiplier/Mmult_mult_result_mult0000_Madd_cy<49>)
     MUXCY:CI->O           1   0.065   0.000  alu0/multiplier/Mmult_mult_result_mult0000_Madd_cy<50> (alu0/multiplier/Mmult_mult_result_mult0000_Madd_cy<50>)
     MUXCY:CI->O           1   0.065   0.000  alu0/multiplier/Mmult_mult_result_mult0000_Madd_cy<51> (alu0/multiplier/Mmult_mult_result_mult0000_Madd_cy<51>)
     MUXCY:CI->O           1   0.065   0.000  alu0/multiplier/Mmult_mult_result_mult0000_Madd_cy<52> (alu0/multiplier/Mmult_mult_result_mult0000_Madd_cy<52>)
     MUXCY:CI->O           1   0.065   0.000  alu0/multiplier/Mmult_mult_result_mult0000_Madd_cy<53> (alu0/multiplier/Mmult_mult_result_mult0000_Madd_cy<53>)
     MUXCY:CI->O           1   0.065   0.000  alu0/multiplier/Mmult_mult_result_mult0000_Madd_cy<54> (alu0/multiplier/Mmult_mult_result_mult0000_Madd_cy<54>)
     MUXCY:CI->O           1   0.065   0.000  alu0/multiplier/Mmult_mult_result_mult0000_Madd_cy<55> (alu0/multiplier/Mmult_mult_result_mult0000_Madd_cy<55>)
     MUXCY:CI->O           1   0.065   0.000  alu0/multiplier/Mmult_mult_result_mult0000_Madd_cy<56> (alu0/multiplier/Mmult_mult_result_mult0000_Madd_cy<56>)
     MUXCY:CI->O           1   0.065   0.000  alu0/multiplier/Mmult_mult_result_mult0000_Madd_cy<57> (alu0/multiplier/Mmult_mult_result_mult0000_Madd_cy<57>)
     MUXCY:CI->O           1   0.065   0.000  alu0/multiplier/Mmult_mult_result_mult0000_Madd_cy<58> (alu0/multiplier/Mmult_mult_result_mult0000_Madd_cy<58>)
     MUXCY:CI->O           1   0.065   0.000  alu0/multiplier/Mmult_mult_result_mult0000_Madd_cy<59> (alu0/multiplier/Mmult_mult_result_mult0000_Madd_cy<59>)
     MUXCY:CI->O           1   0.065   0.000  alu0/multiplier/Mmult_mult_result_mult0000_Madd_cy<60> (alu0/multiplier/Mmult_mult_result_mult0000_Madd_cy<60>)
     MUXCY:CI->O           1   0.065   0.000  alu0/multiplier/Mmult_mult_result_mult0000_Madd_cy<61> (alu0/multiplier/Mmult_mult_result_mult0000_Madd_cy<61>)
     MUXCY:CI->O           0   0.065   0.000  alu0/multiplier/Mmult_mult_result_mult0000_Madd_cy<62> (alu0/multiplier/Mmult_mult_result_mult0000_Madd_cy<62>)
     XORCY:CI->O           1   0.844   0.000  alu0/multiplier/Mmult_mult_result_mult0000_Madd_xor<63> (alu0/multiplier/Mmult_mult_result_mult0000_Madd_63)
     FD:D                      0.252          alu0/multiplier/Mmult_mult_result_mult0000_0
    ----------------------------------------
    Total                     14.571ns (12.814ns logic, 1.757ns route)
                                       (87.9% logic, 12.1% route)

=========================================================================
Timing constraint: Default OFFSET IN BEFORE for Clock 'Clk'
  Total number of paths / destination ports: 5 / 5
-------------------------------------------------------------------------
Offset:              1.548ns (Levels of Logic = 2)
  Source:            Reset (PAD)
  Destination:       mcs0/U0/reset_vec_0 (FF)
  Destination Clock: Clk rising

  Data Path: Reset to mcs0/U0/reset_vec_0
                                Gate     Net
    Cell:in->out      fanout   Delay   Delay  Logical Name (Net Name)
    ----------------------------------------  ------------
     IBUF:I->O             2   0.849   0.447  Reset_IBUF (D2_OBUF)
     begin scope: 'mcs0'
     FD:D                      0.252          U0/reset_vec_0
    ----------------------------------------
    Total                      1.548ns (1.101ns logic, 0.447ns route)
                                       (71.1% logic, 28.9% route)

=========================================================================
Timing constraint: Default OFFSET OUT AFTER for Clock 'Clk'
  Total number of paths / destination ports: 4 / 4
-------------------------------------------------------------------------
Offset:              5.531ns (Levels of Logic = 2)
  Source:            mcs0/U0/iomodule_0/IOModule_Core_I1/GPO_I4/gpo_io_i_2 (FF)
  Destination:       D3 (PAD)
  Source Clock:      Clk rising

  Data Path: mcs0/U0/iomodule_0/IOModule_Core_I1/GPO_I4/gpo_io_i_2 to D3
                                Gate     Net
    Cell:in->out      fanout   Delay   Delay  Logical Name (Net Name)
    ----------------------------------------  ------------
     FDRE:C->Q             1   0.591   0.420  U0/iomodule_0/IOModule_Core_I1/GPO_I4/gpo_io_i_2 (GPO4<2>)
     end scope: 'mcs0'
     OBUF:I->O                 4.520          D3_OBUF (D3)
    ----------------------------------------
    Total                      5.531ns (5.111ns logic, 0.420ns route)
                                       (92.4% logic, 7.6% route)

=========================================================================
Timing constraint: Default path analysis
  Total number of paths / destination ports: 1 / 1
-------------------------------------------------------------------------
Delay:               5.816ns (Levels of Logic = 2)
  Source:            Reset (PAD)
  Destination:       D2 (PAD)

  Data Path: Reset to D2
                                Gate     Net
    Cell:in->out      fanout   Delay   Delay  Logical Name (Net Name)
    ----------------------------------------  ------------
     IBUF:I->O             2   0.849   0.447  Reset_IBUF (D2_OBUF)
     OBUF:I->O                 4.520          D2_OBUF (D2)
    ----------------------------------------
    Total                      5.816ns (5.369ns logic, 0.447ns route)
                                       (92.3% logic, 7.7% route)

=========================================================================


Total REAL time to Xst completion: 17.00 secs
Total CPU time to Xst completion: 17.76 secs
 
--> 

Total memory usage is 283436 kilobytes

Number of errors   :    0 (   0 filtered)
Number of warnings :   15 (   0 filtered)
Number of infos    :    5 (   0 filtered)

